# JRE version: OpenJDK Runtime Environment Temurin-17.0.10+7 (17.0.10+7) (build 17.0.10+7)
# Java VM: OpenJDK 64-Bit Server VM Temurin-17.0.10+7 (17.0.10+7, mixed mode, emulated-client, tiered, compressed oops, compressed class ptrs, g1 gc, windows-amd64)
GC Precious Log:
 CPUs: 8 total, 8 available
 Memory: 8043M
 Large Page Support: Disabled
 NUMA Support: Disabled
 Compressed Oops: Enabled (32-bit)
 Heap Region Size: 1M
 Heap Min Capacity: 8M
 Heap Initial Capacity: 126M
 Heap Max Capacity: 1G
 Pre-touch: Disabled
 Parallel Workers: 8
 Concurrent Workers: 2
 Concurrent Refinement Workers: 8
 Periodic GC: Disabled
Heap:
 garbage-first heap   total 116736K, used 39641K [0x00000000c0000000, 0x0000000100000000)
  region size 1024K, 1 young (1024K), 0 survivors (0K)
 Metaspace       used 61431K, committed 61952K, reserved 1114112K
  class space    used 7730K, committed 8000K, reserved 1048576K
GC Heap History (20 events):
Event: 54674.580 GC heap before
{Heap before GC invocations=3299 (full 3064):
 garbage-first heap   total 116736K, used 39641K [0x00000000c0000000, 0x0000000100000000)
  region size 1024K, 1 young (1024K), 0 survivors (0K)
 Metaspace       used 61431K, committed 61952K, reserved 1114112K
  class space    used 7730K, committed 8000K, reserved 1048576K
}
Event: 54674.694 GC heap after
{Heap after GC invocations=3300 (full 3065):
 garbage-first heap   total 116736K, used 39641K [0x00000000c0000000, 0x0000000100000000)
  region size 1024K, 0 young (0K), 0 survivors (0K)
 Metaspace       used 61431K, committed 61952K, reserved 1114112K
  class space    used 7730K, committed 8000K, reserved 1048576K
}
Event: 54684.773 GC heap before
{Heap before GC invocations=3300 (full 3065):
 garbage-first heap   total 116736K, used 39641K [0x00000000c0000000, 0x0000000100000000)
  region size 1024K, 1 young (1024K), 0 survivors (0K)
 Metaspace       used 61431K, committed 61952K, reserved 1114112K
  class space    used 7730K, committed 8000K, reserved 1048576K
}
Event: 54684.882 GC heap after
{Heap after GC invocations=3301 (full 3066):
 garbage-first heap   total 116736K, used 39641K [0x00000000c0000000, 0x0000000100000000)
  region size 1024K, 0 young (0K), 0 survivors (0K)
 Metaspace       used 61431K, committed 61952K, reserved 1114112K
  class space    used 7730K, committed 8000K, reserved 1048576K
}
Event: 54695.006 GC heap before
{Heap before GC invocations=3301 (full 3066):
 garbage-first heap   total 116736K, used 39641K [0x00000000c0000000, 0x0000000100000000)
  region size 1024K, 1 young (1024K), 0 survivors (0K)
 Metaspace       used 61431K, committed 61952K, reserved 1114112K
  class space    used 7730K, committed 8000K, reserved 1048576K
}
Event: 54695.152 GC heap after
{Heap after GC invocations=3302 (full 3067):
 garbage-first heap   total 116736K, used 39641K [0x00000000c0000000, 0x0000000100000000)
  region size 1024K, 0 young (0K), 0 survivors (0K)
 Metaspace       used 61431K, committed 61952K, reserved 1114112K
  class space    used 7730K, committed 8000K, reserved 1048576K
}
Event: 54705.274 GC heap before
{Heap before GC invocations=3302 (full 3067):
 garbage-first heap   total 116736K, used 39641K [0x00000000c0000000, 0x0000000100000000)
  region size 1024K, 1 young (1024K), 0 survivors (0K)
 Metaspace       used 61431K, committed 61952K, reserved 1114112K
  class space    used 7730K, committed 8000K, reserved 1048576K
}
Event: 54705.398 GC heap after
{Heap after GC invocations=3303 (full 3068):
 garbage-first heap   total 116736K, used 39641K [0x00000000c0000000, 0x0000000100000000)
  region size 1024K, 0 young (0K), 0 survivors (0K)
 Metaspace       used 61431K, committed 61952K, reserved 1114112K
  class space    used 7730K, committed 8000K, reserved 1048576K
}
Event: 54715.485 GC heap before
{Heap before GC invocations=3303 (full 3068):
 garbage-first heap   total 116736K, used 39641K [0x00000000c0000000, 0x0000000100000000)
  region size 1024K, 1 young (1024K), 0 survivors (0K)
 Metaspace       used 61431K, committed 61952K, reserved 1114112K
  class space    used 7730K, committed 8000K, reserved 1048576K
}
Event: 54715.625 GC heap after
{Heap after GC invocations=3304 (full 3069):
 garbage-first heap   total 116736K, used 39641K [0x00000000c0000000, 0x0000000100000000)
  region size 1024K, 0 young (0K), 0 survivors (0K)
 Metaspace       used 61431K, committed 61952K, reserved 1114112K
  class space    used 7730K, committed 8000K, reserved 1048576K
}
Event: 54725.698 GC heap before
{Heap before GC invocations=3304 (full 3069):
 garbage-first heap   total 116736K, used 39641K [0x00000000c0000000, 0x0000000100000000)
  region size 1024K, 1 young (1024K), 0 survivors (0K)
 Metaspace       used 61431K, committed 61952K, reserved 1114112K
  class space    used 7730K, committed 8000K, reserved 1048576K
}
Event: 54725.818 GC heap after
{Heap after GC invocations=3305 (full 3070):
 garbage-first heap   total 116736K, used 39641K [0x00000000c0000000, 0x0000000100000000)
  region size 1024K, 0 young (0K), 0 survivors (0K)
 Metaspace       used 61431K, committed 61952K, reserved 1114112K
  class space    used 7730K, committed 8000K, reserved 1048576K
}
Event: 54736.067 GC heap before
{Heap before GC invocations=3305 (full 3070):
 garbage-first heap   total 116736K, used 39641K [0x00000000c0000000, 0x0000000100000000)
  region size 1024K, 1 young (1024K), 0 survivors (0K)
 Metaspace       used 61431K, committed 61952K, reserved 1114112K
  class space    used 7730K, committed 8000K, reserved 1048576K
}
Event: 54736.202 GC heap after
{Heap after GC invocations=3306 (full 3071):
 garbage-first heap   total 116736K, used 39641K [0x00000000c0000000, 0x0000000100000000)
  region size 1024K, 0 young (0K), 0 survivors (0K)
 Metaspace       used 61431K, committed 61952K, reserved 1114112K
  class space    used 7730K, committed 8000K, reserved 1048576K
}
Event: 54746.275 GC heap before
{Heap before GC invocations=3306 (full 3071):
 garbage-first heap   total 116736K, used 39641K [0x00000000c0000000, 0x0000000100000000)
  region size 1024K, 1 young (1024K), 0 survivors (0K)
 Metaspace       used 61431K, committed 61952K, reserved 1114112K
  class space    used 7730K, committed 8000K, reserved 1048576K
}
Event: 54746.408 GC heap after
{Heap after GC invocations=3307 (full 3072):
 garbage-first heap   total 116736K, used 39641K [0x00000000c0000000, 0x0000000100000000)
  region size 1024K, 0 young (0K), 0 survivors (0K)
 Metaspace       used 61431K, committed 61952K, reserved 1114112K
  class space    used 7730K, committed 8000K, reserved 1048576K
}
Event: 54756.494 GC heap before
{Heap before GC invocations=3307 (full 3072):
 garbage-first heap   total 116736K, used 39641K [0x00000000c0000000, 0x0000000100000000)
  region size 1024K, 1 young (1024K), 0 survivors (0K)
 Metaspace       used 61431K, committed 61952K, reserved 1114112K
  class space    used 7730K, committed 8000K, reserved 1048576K
}
Event: 54756.624 GC heap after
{Heap after GC invocations=3308 (full 3073):
 garbage-first heap   total 116736K, used 39641K [0x00000000c0000000, 0x0000000100000000)
  region size 1024K, 0 young (0K), 0 survivors (0K)
 Metaspace       used 61431K, committed 61952K, reserved 1114112K
  class space    used 7730K, committed 8000K, reserved 1048576K
}
Event: 54766.718 GC heap before
{Heap before GC invocations=3308 (full 3073):
 garbage-first heap   total 116736K, used 39641K [0x00000000c0000000, 0x0000000100000000)
  region size 1024K, 1 young (1024K), 0 survivors (0K)
 Metaspace       used 61431K, committed 61952K, reserved 1114112K
  class space    used 7730K, committed 8000K, reserved 1048576K
}
Event: 54766.852 GC heap after
{Heap after GC invocations=3309 (full 3074):
 garbage-first heap   total 116736K, used 39641K [0x00000000c0000000, 0x0000000100000000)
  region size 1024K, 0 young (0K), 0 survivors (0K)
 Metaspace       used 61431K, committed 61952K, reserved 1114112K
  class space    used 7730K, committed 8000K, reserved 1048576K
}

